Using pre-set license
Built from '2022.3/staging' branch; Version is '2022.3.19f1 (244b723c30a6) revision 2378610'; Using compiler version '192829333'; Build Type 'Release'
OS: 'Windows 11  (10.0.22621) 64bit Core' Language: 'en' Physical Memory: 16190 MB
BatchMode: 1, IsHumanControllingUs: 0, StartBugReporterOnCrash: 0, Is64bit: 1, IsPro: 1

COMMAND LINE ARGUMENTS:
C:\Program Files\Unity\Hub\Editor\2022.3.19f1\Editor\Unity.exe
-adb2
-batchMode
-noUpm
-name
AssetImportWorker0
-projectPath
C:/Users/KALAN/Desktop/GameJam3/Jam3/jam3
-logFile
Logs/AssetImportWorker0.log
-srvPort
55737
Successfully changed project path to: C:/Users/KALAN/Desktop/GameJam3/Jam3/jam3
C:/Users/KALAN/Desktop/GameJam3/Jam3/jam3
[UnityMemory] Configuration Parameters - Can be set up in boot.config
    "memorysetup-bucket-allocator-granularity=16"
    "memorysetup-bucket-allocator-bucket-count=8"
    "memorysetup-bucket-allocator-block-size=33554432"
    "memorysetup-bucket-allocator-block-count=8"
    "memorysetup-main-allocator-block-size=16777216"
    "memorysetup-thread-allocator-block-size=16777216"
    "memorysetup-gfx-main-allocator-block-size=16777216"
    "memorysetup-gfx-thread-allocator-block-size=16777216"
    "memorysetup-cache-allocator-block-size=4194304"
    "memorysetup-typetree-allocator-block-size=2097152"
    "memorysetup-profiler-bucket-allocator-granularity=16"
    "memorysetup-profiler-bucket-allocator-bucket-count=8"
    "memorysetup-profiler-bucket-allocator-block-size=33554432"
    "memorysetup-profiler-bucket-allocator-block-count=8"
    "memorysetup-profiler-allocator-block-size=16777216"
    "memorysetup-profiler-editor-allocator-block-size=1048576"
    "memorysetup-temp-allocator-size-main=16777216"
    "memorysetup-job-temp-allocator-block-size=2097152"
    "memorysetup-job-temp-allocator-block-size-background=1048576"
    "memorysetup-job-temp-allocator-reduction-small-platforms=262144"
    "memorysetup-allocator-temp-initial-block-size-main=262144"
    "memorysetup-allocator-temp-initial-block-size-worker=262144"
    "memorysetup-temp-allocator-size-background-worker=32768"
    "memorysetup-temp-allocator-size-job-worker=262144"
    "memorysetup-temp-allocator-size-preload-manager=33554432"
    "memorysetup-temp-allocator-size-nav-mesh-worker=65536"
    "memorysetup-temp-allocator-size-audio-worker=65536"
    "memorysetup-temp-allocator-size-cloud-worker=32768"
    "memorysetup-temp-allocator-size-gi-baking-worker=262144"
    "memorysetup-temp-allocator-size-gfx=262144"
Player connection [28780] Host "[IP] 100.64.4.203 [Port] 0 [Flags] 2 [Guid] 1476232701 [EditorId] 1476232701 [Version] 1048832 [Id] WindowsEditor(7,DESKTOP-VNOATM0) [Debug] 1 [PackageName] WindowsEditor [ProjectName] Editor" joined multi-casting on [225.0.0.222:54997]...

Player connection [28780] Host "[IP] 100.64.4.203 [Port] 0 [Flags] 2 [Guid] 1476232701 [EditorId] 1476232701 [Version] 1048832 [Id] WindowsEditor(7,DESKTOP-VNOATM0) [Debug] 1 [PackageName] WindowsEditor [ProjectName] Editor" joined alternative multi-casting on [225.0.0.222:34997]...

[Physics::Module] Initialized MultithreadedJobDispatcher with 11 workers.
Refreshing native plugins compatible for Editor in 5053.82 ms, found 3 plugins.
Preloading 0 native plugins for Editor in 0.00 ms.
Initialize engine version: 2022.3.19f1 (244b723c30a6)
[Subsystems] Discovering subsystems at path C:/Program Files/Unity/Hub/Editor/2022.3.19f1/Editor/Data/Resources/UnitySubsystems
[Subsystems] Discovering subsystems at path C:/Users/KALAN/Desktop/GameJam3/Jam3/jam3/Assets
GfxDevice: creating device client; threaded=0; jobified=0
Direct3D:
    Version:  Direct3D 11.0 [level 11.1]
    Renderer: NVIDIA GeForce GTX 1050 Ti (ID=0x1c82)
    Vendor:   NVIDIA
    VRAM:     4017 MB
    Driver:   31.0.15.3118
Initialize mono
Mono path[0] = 'C:/Program Files/Unity/Hub/Editor/2022.3.19f1/Editor/Data/Managed'
Mono path[1] = 'C:/Program Files/Unity/Hub/Editor/2022.3.19f1/Editor/Data/MonoBleedingEdge/lib/mono/unityjit-win32'
Mono config path = 'C:/Program Files/Unity/Hub/Editor/2022.3.19f1/Editor/Data/MonoBleedingEdge/etc'
Using monoOptions --debugger-agent=transport=dt_socket,embedding=1,server=y,suspend=n,address=127.0.0.1:56736
Begin MonoManager ReloadAssembly
Registering precompiled unity dll's ...
Register platform support module: C:/Program Files/Unity/Hub/Editor/2022.3.19f1/Editor/Data/PlaybackEngines/WebGLSupport/UnityEditor.WebGL.Extensions.dll
Register platform support module: C:/Program Files/Unity/Hub/Editor/2022.3.19f1/Editor/Data/PlaybackEngines/WindowsStandaloneSupport/UnityEditor.WindowsStandalone.Extensions.dll
Registered in 0.029167 seconds.
- Loaded All Assemblies, in  0.668 seconds
Native extension for WindowsStandalone target not found
Native extension for WebGL target not found
Mono: successfully reloaded assembly
- Finished resetting the current domain, in  0.505 seconds
Domain Reload Profiling: 1167ms
	BeginReloadAssembly (200ms)
		ExecutionOrderSort (0ms)
		DisableScriptedObjects (0ms)
		BackupInstance (0ms)
		ReleaseScriptingObjects (0ms)
		CreateAndSetChildDomain (1ms)
	RebuildCommonClasses (58ms)
	RebuildNativeTypeToScriptingClass (15ms)
	initialDomainReloadingComplete (126ms)
	LoadAllAssembliesAndSetupDomain (262ms)
		LoadAssemblies (193ms)
		RebuildTransferFunctionScriptingTraits (0ms)
		AnalyzeDomain (259ms)
			TypeCache.Refresh (257ms)
				TypeCache.ScanAssembly (234ms)
			ScanForSourceGeneratedMonoScriptInfo (0ms)
			ResolveRequiredComponents (1ms)
	FinalizeReload (506ms)
		ReleaseScriptCaches (0ms)
		RebuildScriptCaches (0ms)
		SetupLoadedEditorAssemblies (401ms)
			LogAssemblyErrors (0ms)
			InitializePlatformSupportModulesInManaged (18ms)
			SetLoadedEditorAssemblies (8ms)
			RefreshPlugins (0ms)
			BeforeProcessingInitializeOnLoad (3ms)
			ProcessInitializeOnLoadAttributes (274ms)
			ProcessInitializeOnLoadMethodAttributes (98ms)
			AfterProcessingInitializeOnLoad (0ms)
			EditorAssembliesLoaded (0ms)
		ExecutionOrderSort2 (0ms)
		AwakeInstancesAfterBackupRestoration (0ms)
========================================================================
Worker process is ready to serve import requests
Begin MonoManager ReloadAssembly
- Loaded All Assemblies, in  2.371 seconds
Refreshing native plugins compatible for Editor in 7.80 ms, found 3 plugins.
Native extension for WindowsStandalone target not found
Native extension for WebGL target not found
Package Manager log level set to [2]
[Package Manager] Server::EnsureServerProcessIsRunning -- launch failed, reason: Unity was launched with the -noUpm command-line argument
[Package Manager] UpmClient::Send -- Unable to send message (not connected to UPM process).
[Package Manager] Cannot connect to Unity Package Manager local server
Mono: successfully reloaded assembly
- Finished resetting the current domain, in  0.806 seconds
Domain Reload Profiling: 3169ms
	BeginReloadAssembly (222ms)
		ExecutionOrderSort (0ms)
		DisableScriptedObjects (6ms)
		BackupInstance (0ms)
		ReleaseScriptingObjects (0ms)
		CreateAndSetChildDomain (26ms)
	RebuildCommonClasses (56ms)
	RebuildNativeTypeToScriptingClass (13ms)
	initialDomainReloadingComplete (65ms)
	LoadAllAssembliesAndSetupDomain (2005ms)
		LoadAssemblies (1881ms)
		RebuildTransferFunctionScriptingTraits (0ms)
		AnalyzeDomain (265ms)
			TypeCache.Refresh (236ms)
				TypeCache.ScanAssembly (212ms)
			ScanForSourceGeneratedMonoScriptInfo (21ms)
			ResolveRequiredComponents (7ms)
	FinalizeReload (806ms)
		ReleaseScriptCaches (0ms)
		RebuildScriptCaches (0ms)
		SetupLoadedEditorAssemblies (618ms)
			LogAssemblyErrors (0ms)
			InitializePlatformSupportModulesInManaged (13ms)
			SetLoadedEditorAssemblies (6ms)
			RefreshPlugins (0ms)
			BeforeProcessingInitializeOnLoad (91ms)
			ProcessInitializeOnLoadAttributes (460ms)
			ProcessInitializeOnLoadMethodAttributes (25ms)
			AfterProcessingInitializeOnLoad (22ms)
			EditorAssembliesLoaded (0ms)
		ExecutionOrderSort2 (0ms)
		AwakeInstancesAfterBackupRestoration (9ms)
Launched and connected shader compiler UnityShaderCompiler.exe after 0.19 seconds
Refreshing native plugins compatible for Editor in 8.31 ms, found 3 plugins.
Preloading 0 native plugins for Editor in 0.00 ms.
Unloading 3083 Unused Serialized files (Serialized files now loaded: 0)
Unloading 32 unused Assets / (57.0 KB). Loaded Objects now: 3544.
Memory consumption went from 122.4 MB to 122.3 MB.
Total: 4.148900 ms (FindLiveObjects: 0.328400 ms CreateObjectMapping: 0.229900 ms MarkObjects: 3.450100 ms  DeleteObjects: 0.139200 ms)

AssetImportParameters requested are different than current active one (requested -> active):
  custom:container-demuxer-ogg: 62fdf1f143b41e24485cea50d1cbac27 -> 
  custom:video-decoder-ogg-theora: a1e56fd34408186e4bbccfd4996cb3dc -> 
  custom:framework-win-MediaFoundation: 216162199b28c13a410421893ffa2e32 -> 
  custom:CustomObjectIndexerAttribute: 6d391050e5a25f67b0a2c618074f2cd9 -> 
  custom:container-demuxer-webm: 4f35f7cbe854078d1ac9338744f61a02 -> 
  custom:container-muxer-webm: aa71ff27fc2769a1b78a27578f13a17b -> 
  custom:video-decoder-webm-vp8: 9c59270c3fd7afecdb556c50c9e8de78 -> 
  custom:SearchIndexIgnoredProperties: e643bd26f0fe6173181afceb89e7c659 -> 
  custom:AudioImporter_EditorPlatform: d09bf68614088b80899f8185d706f6e7 -> 
  custom:video-encoder-webm-vp8: eb34c28f22e8b96e1ab97ce403110664 -> 
  custom:audio-decoder-ogg-vorbis: bf7c407c2cedff20999df2af8eb42d56 -> 
  custom:audio-encoder-webm-vorbis: bf7c407c2cedff20999df2af8eb42d56 -> 
========================================================================
Received Import Request.
  Time since last request: 325027.338121 seconds.
  path: Assets/Cube (11).prefab
  artifactKey: Guid(e491fc3623e45514c8f35e5d6856e578) Importer(815301076,1909f56bfc062723c751e8b465ee728b)
Start importing Assets/Cube (11).prefab using Guid(e491fc3623e45514c8f35e5d6856e578) Importer(815301076,1909f56bfc062723c751e8b465ee728b)  -> (artifact id: '1e0c6f319d02a2ca118abac1799ddd1a') in 0.482452 seconds
Number of updated asset objects reloaded before import = 0
Number of asset objects unloaded after import = 7
========================================================================
Received Import Request.
  Time since last request: 550.275208 seconds.
  path: Assets/unitytracks.fbx
  artifactKey: Guid(87689ae87fbd58345907d2f9d55d60cb) Importer(815301076,1909f56bfc062723c751e8b465ee728b)
Start importing Assets/unitytracks.fbx using Guid(87689ae87fbd58345907d2f9d55d60cb) Importer(815301076,1909f56bfc062723c751e8b465ee728b)  -> (artifact id: 'af991a6f686917fbabbb3dafbea19fa4') in 0.822794 seconds
Number of updated asset objects reloaded before import = 0
Number of asset objects unloaded after import = 264
========================================================================
Received Import Request.
  Time since last request: 126.515738 seconds.
  path: Assets/unitytracks.fbx
  artifactKey: Guid(87689ae87fbd58345907d2f9d55d60cb) Importer(815301076,1909f56bfc062723c751e8b465ee728b)
Start importing Assets/unitytracks.fbx using Guid(87689ae87fbd58345907d2f9d55d60cb) Importer(815301076,1909f56bfc062723c751e8b465ee728b)  -> (artifact id: '6642b295650a90a023389ec9b82a8230') in 0.351223 seconds
Number of updated asset objects reloaded before import = 0
Number of asset objects unloaded after import = 264
========================================================================
Received Import Request.
  Time since last request: 114.544823 seconds.
  path: Assets/unotytunnel.fbx
  artifactKey: Guid(d8fe900b40a3f7e42ac21d21bc61d881) Importer(815301076,1909f56bfc062723c751e8b465ee728b)
Start importing Assets/unotytunnel.fbx using Guid(d8fe900b40a3f7e42ac21d21bc61d881) Importer(815301076,1909f56bfc062723c751e8b465ee728b)  -> (artifact id: 'ea94e6e0fac5e452d9ad090bdec15d57') in 0.046737 seconds
Number of updated asset objects reloaded before import = 0
Number of asset objects unloaded after import = 19
========================================================================
Received Import Request.
  Time since last request: 42.784186 seconds.
  path: Assets/UnityTramBuild.fbx
  artifactKey: Guid(2b9a227ecde9b9146b1cf4c7a1a1a0f3) Importer(815301076,1909f56bfc062723c751e8b465ee728b)
Start importing Assets/UnityTramBuild.fbx using Guid(2b9a227ecde9b9146b1cf4c7a1a1a0f3) Importer(815301076,1909f56bfc062723c751e8b465ee728b)  -> (artifact id: 'dd8030603708bc39841f4b3d1e00c9b5') in 0.099182 seconds
Number of updated asset objects reloaded before import = 0
Number of asset objects unloaded after import = 64
========================================================================
Received Import Request.
  Time since last request: 45.613293 seconds.
  path: Assets
  artifactKey: Guid(00000000000000001000000000000000) Importer(815301076,1909f56bfc062723c751e8b465ee728b)
Start importing Assets using Guid(00000000000000001000000000000000) Importer(815301076,1909f56bfc062723c751e8b465ee728b)  -> (artifact id: '8a4fe85251aa2e89732c359432baa2c3') in 0.000581 seconds
Number of updated asset objects reloaded before import = 0
Number of asset objects unloaded after import = 0
========================================================================
Received Import Request.
  Time since last request: 4.388303 seconds.
  path: Assets/Assets
  artifactKey: Guid(5499d07ad3b8094448bcb2bbedea582d) Importer(815301076,1909f56bfc062723c751e8b465ee728b)
Start importing Assets/Assets using Guid(5499d07ad3b8094448bcb2bbedea582d) Importer(815301076,1909f56bfc062723c751e8b465ee728b)  -> (artifact id: 'e562a0fdb6efbfb393bcca2036fa6ddf') in 0.000595 seconds
Number of updated asset objects reloaded before import = 0
Number of asset objects unloaded after import = 0
========================================================================
Received Import Request.
  Time since last request: 9.801409 seconds.
  path: Assets/Materials
  artifactKey: Guid(d787295e575dce14cbe9719b3e4b31a5) Importer(815301076,1909f56bfc062723c751e8b465ee728b)
Start importing Assets/Materials using Guid(d787295e575dce14cbe9719b3e4b31a5) Importer(815301076,1909f56bfc062723c751e8b465ee728b)  -> (artifact id: 'f6390376c4f40f0fdb18989b30fc50bc') in 0.000536 seconds
Number of updated asset objects reloaded before import = 0
Number of asset objects unloaded after import = 0
========================================================================
Received Import Request.
  Time since last request: 5.162568 seconds.
  path: Assets/Materials/New Material.mat
  artifactKey: Guid(a4ff5d86a71cbc3479a8a6317d260daa) Importer(815301076,1909f56bfc062723c751e8b465ee728b)
Start importing Assets/Materials/New Material.mat using Guid(a4ff5d86a71cbc3479a8a6317d260daa) Importer(815301076,1909f56bfc062723c751e8b465ee728b)  -> (artifact id: 'b12bbea915155cc09b88a85469b3a3f4') in 0.042564 seconds
Number of updated asset objects reloaded before import = 0
Number of asset objects unloaded after import = 1
========================================================================
Received Import Request.
  Time since last request: 21.077918 seconds.
  path: Assets/Materials/New Material 1.mat
  artifactKey: Guid(56de8928368f4e44fa4d3b302a64acc5) Importer(815301076,1909f56bfc062723c751e8b465ee728b)
Start importing Assets/Materials/New Material 1.mat using Guid(56de8928368f4e44fa4d3b302a64acc5) Importer(815301076,1909f56bfc062723c751e8b465ee728b)  -> (artifact id: '8265576653951eeadca485f2ec2dd3a9') in 0.012474 seconds
Number of updated asset objects reloaded before import = 0
Number of asset objects unloaded after import = 1
========================================================================
Received Import Request.
  Time since last request: 100.637779 seconds.
  path: Assets/Materials/New Material 2.mat
  artifactKey: Guid(3669bc080d34c8247981a60c54d74e8d) Importer(815301076,1909f56bfc062723c751e8b465ee728b)
Start importing Assets/Materials/New Material 2.mat using Guid(3669bc080d34c8247981a60c54d74e8d) Importer(815301076,1909f56bfc062723c751e8b465ee728b)  -> (artifact id: 'e9e139b0973393da5a8acdd9fc0db95f') in 0.015238 seconds
Number of updated asset objects reloaded before import = 0
Number of asset objects unloaded after import = 1
========================================================================
Received Import Request.
  Time since last request: 13.142841 seconds.
  path: Assets/Materials/New Material 3.mat
  artifactKey: Guid(5ec07c09f59c95b46b585196169a66e3) Importer(815301076,1909f56bfc062723c751e8b465ee728b)
Start importing Assets/Materials/New Material 3.mat using Guid(5ec07c09f59c95b46b585196169a66e3) Importer(815301076,1909f56bfc062723c751e8b465ee728b)  -> (artifact id: 'fac13c5e0c97e8c6f0c5088a1ccbe92c') in 0.012795 seconds
Number of updated asset objects reloaded before import = 0
Number of asset objects unloaded after import = 1
========================================================================
Received Import Request.
  Time since last request: 69.935505 seconds.
  path: Assets/Materials/New Material 4.mat
  artifactKey: Guid(a38c7dd00957df848a54935a2ae2131d) Importer(815301076,1909f56bfc062723c751e8b465ee728b)
Start importing Assets/Materials/New Material 4.mat using Guid(a38c7dd00957df848a54935a2ae2131d) Importer(815301076,1909f56bfc062723c751e8b465ee728b)  -> (artifact id: '04953072bf13f237464da3b72b5e19d3') in 0.013463 seconds
Number of updated asset objects reloaded before import = 0
Number of asset objects unloaded after import = 1
========================================================================
Received Import Request.
  Time since last request: 46.320301 seconds.
  path: Assets/Materials/New Material 5.mat
  artifactKey: Guid(c1a22919b06e3ab4f86851b36b742097) Importer(815301076,1909f56bfc062723c751e8b465ee728b)
Start importing Assets/Materials/New Material 5.mat using Guid(c1a22919b06e3ab4f86851b36b742097) Importer(815301076,1909f56bfc062723c751e8b465ee728b)  -> (artifact id: '9c7a684954f7019e3c001d3f25042a56') in 0.013618 seconds
Number of updated asset objects reloaded before import = 0
Number of asset objects unloaded after import = 1
========================================================================
Received Import Request.
  Time since last request: 15.584788 seconds.
  path: Assets/Materials/New Material.mat
  artifactKey: Guid(a4ff5d86a71cbc3479a8a6317d260daa) Importer(815301076,1909f56bfc062723c751e8b465ee728b)
Start importing Assets/Materials/New Material.mat using Guid(a4ff5d86a71cbc3479a8a6317d260daa) Importer(815301076,1909f56bfc062723c751e8b465ee728b)  -> (artifact id: 'e4b75b3c43913213ebf9cc55d69f0c97') in 0.080422 seconds
Number of updated asset objects reloaded before import = 0
Number of asset objects unloaded after import = 1
========================================================================
Received Import Request.
  Time since last request: 0.000020 seconds.
  path: Assets/Materials/New Material 4.mat
  artifactKey: Guid(a38c7dd00957df848a54935a2ae2131d) Importer(815301076,1909f56bfc062723c751e8b465ee728b)
Start importing Assets/Materials/New Material 4.mat using Guid(a38c7dd00957df848a54935a2ae2131d) Importer(815301076,1909f56bfc062723c751e8b465ee728b)  -> (artifact id: '29e9b7798ee6209a1c8a64a977ac0af1') in 0.014795 seconds
Number of updated asset objects reloaded before import = 0
Number of asset objects unloaded after import = 1
========================================================================
Received Import Request.
  Time since last request: 0.000025 seconds.
  path: Assets/Materials/New Material 5.mat
  artifactKey: Guid(c1a22919b06e3ab4f86851b36b742097) Importer(815301076,1909f56bfc062723c751e8b465ee728b)
Start importing Assets/Materials/New Material 5.mat using Guid(c1a22919b06e3ab4f86851b36b742097) Importer(815301076,1909f56bfc062723c751e8b465ee728b)  -> (artifact id: '08b056d4e39a63b044252c4f13a445a8') in 0.015149 seconds
Number of updated asset objects reloaded before import = 0
Number of asset objects unloaded after import = 1
========================================================================
Received Import Request.
  Time since last request: 0.000080 seconds.
  path: Assets/Materials/New Material 2.mat
  artifactKey: Guid(3669bc080d34c8247981a60c54d74e8d) Importer(815301076,1909f56bfc062723c751e8b465ee728b)
Start importing Assets/Materials/New Material 2.mat using Guid(3669bc080d34c8247981a60c54d74e8d) Importer(815301076,1909f56bfc062723c751e8b465ee728b)  -> (artifact id: 'd778d42c71f87ae367daca0a2e640108') in 0.015384 seconds
Number of updated asset objects reloaded before import = 0
Number of asset objects unloaded after import = 1
========================================================================
Received Import Request.
  Time since last request: 0.000033 seconds.
  path: Assets/Materials/New Material 3.mat
  artifactKey: Guid(5ec07c09f59c95b46b585196169a66e3) Importer(815301076,1909f56bfc062723c751e8b465ee728b)
Start importing Assets/Materials/New Material 3.mat using Guid(5ec07c09f59c95b46b585196169a66e3) Importer(815301076,1909f56bfc062723c751e8b465ee728b)  -> (artifact id: '708296cdc5044df257c4bdeb83dbd134') in 0.042486 seconds
Number of updated asset objects reloaded before import = 0
Number of asset objects unloaded after import = 1
Editor requested this worker to shutdown with reason: Scaling down because of idle timeout
TcpMessagingSession - receive error: operation aborted. errorcode: 995, details: The I/O operation has been aborted because of either a thread exit or an application request.
AssetImportWorker is now disconnected from the server
Process exiting
Exiting without the bug reporter. Application will terminate with return code 0